Build started 9/22/2020 10:21:01 AM.
     1>Project "C:\Users\Acer\Desktop\CAR MANIA\iGraphics Project\iGraphics Project.vcxproj" on node 2 (build target(s)).
     1>InitializeBuildStatus:
         Creating "Debug\iGraphics Project.unsuccessfulbuild" because "AlwaysCreate" was specified.
       ClCompile:
         D:\APPS\VC\bin\CL.exe /c /ZI /nologo /W3 /WX- /Od /Oy- /D _MBCS /Gm /EHsc /RTC1 /MDd /GS /fp:precise /Zc:wchar_t /Zc:forScope /Fo"Debug\\" /Fd"Debug\vc100.pdb" /Gd /TP /analyze- /errorReport:prompt iMain.cpp
         iMain.cpp
     1>c:\users\acer\desktop\car mania\igraphics project\imain.cpp(87): warning C4553: '==' : operator has no effect; did you intend '='?
     1>c:\users\acer\desktop\car mania\igraphics project\imain.cpp(263): warning C4805: '==' : unsafe mix of type 'boolean' and type 'bool' in operation
     1>c:\users\acer\desktop\car mania\igraphics project\imain.cpp(441): warning C4805: '==' : unsafe mix of type 'boolean' and type 'bool' in operation
     1>c:\users\acer\desktop\car mania\igraphics project\imain.cpp(458): warning C4805: '==' : unsafe mix of type 'boolean' and type 'bool' in operation
     1>c:\users\acer\desktop\car mania\igraphics project\imain.cpp(489): warning C4805: '==' : unsafe mix of type 'boolean' and type 'bool' in operation
     1>c:\users\acer\desktop\car mania\igraphics project\imain.cpp(527): warning C4996: 'fopen': This function or variable may be unsafe. Consider using fopen_s instead. To disable deprecation, use _CRT_SECURE_NO_WARNINGS. See online help for details.
                 d:\apps\vc\include\stdio.h(234) : see declaration of 'fopen'
     1>c:\users\acer\desktop\car mania\igraphics project\imain.cpp(529): warning C4996: 'fscanf': This function or variable may be unsafe. Consider using fscanf_s instead. To disable deprecation, use _CRT_SECURE_NO_WARNINGS. See online help for details.
                 d:\apps\vc\include\stdio.h(253) : see declaration of 'fscanf'
     1>c:\users\acer\desktop\car mania\igraphics project\imain.cpp(547): warning C4996: 'strcpy': This function or variable may be unsafe. Consider using strcpy_s instead. To disable deprecation, use _CRT_SECURE_NO_WARNINGS. See online help for details.
                 d:\apps\vc\include\string.h(105) : see declaration of 'strcpy'
     1>c:\users\acer\desktop\car mania\igraphics project\imain.cpp(548): warning C4996: 'strcpy': This function or variable may be unsafe. Consider using strcpy_s instead. To disable deprecation, use _CRT_SECURE_NO_WARNINGS. See online help for details.
                 d:\apps\vc\include\string.h(105) : see declaration of 'strcpy'
     1>c:\users\acer\desktop\car mania\igraphics project\imain.cpp(734): warning C4996: 'fopen': This function or variable may be unsafe. Consider using fopen_s instead. To disable deprecation, use _CRT_SECURE_NO_WARNINGS. See online help for details.
                 d:\apps\vc\include\stdio.h(234) : see declaration of 'fopen'
       Link:
         D:\APPS\VC\bin\link.exe /ERRORREPORT:PROMPT /OUT:"C:\Users\Acer\Desktop\CAR MANIA\Debug\iGraphics Project.exe" /NOLOGO kernel32.lib user32.lib gdi32.lib winspool.lib comdlg32.lib advapi32.lib shell32.lib ole32.lib oleaut32.lib uuid.lib odbc32.lib odbccp32.lib /MANIFEST /ManifestFile:"Debug\iGraphics Project.exe.intermediate.manifest" /MANIFESTUAC:"level='asInvoker' uiAccess='false'" /DEBUG /PDB:"C:\Users\Acer\Desktop\CAR MANIA\Debug\iGraphics Project.pdb" /TLBID:1 /DYNAMICBASE /NXCOMPAT /IMPLIB:"C:\Users\Acer\Desktop\CAR MANIA\Debug\iGraphics Project.lib" /MACHINE:X86 Debug\iMain.obj
         LINK : C:\Users\Acer\Desktop\CAR MANIA\Debug\iGraphics Project.exe not found or not built by the last incremental link; performing full link
         iGraphics Project.vcxproj -> C:\Users\Acer\Desktop\CAR MANIA\Debug\iGraphics Project.exe
       Manifest:
         C:\Program Files (x86)\Microsoft SDKs\Windows\v7.0A\bin\mt.exe /nologo /verbose /outputresource:"C:\Users\Acer\Desktop\CAR MANIA\Debug\iGraphics Project.exe;#1" /manifest "Debug\iGraphics Project.exe.intermediate.manifest"
       FinalizeBuildStatus:
         Deleting file "Debug\iGraphics Project.unsuccessfulbuild".
         Touching "Debug\iGraphics Project.lastbuildstate".
     1>Done Building Project "C:\Users\Acer\Desktop\CAR MANIA\iGraphics Project\iGraphics Project.vcxproj" (build target(s)).

Build succeeded.

Time Elapsed 00:00:01.45
